{
  "C:\\Users\\OSF\\Desktop\\login - Copia\\src\\store\\reducers\\userInfo.tsx": {
    "path": "C:\\Users\\OSF\\Desktop\\login - Copia\\src\\store\\reducers\\userInfo.tsx",
    "statementMap": {
      "0": {
        "start": {
          "line": 3,
          "column": 19
        },
        "end": {
          "line": 7,
          "column": 1
        }
      },
      "1": {
        "start": {
          "line": 9,
          "column": 19
        },
        "end": {
          "line": 9,
          "column": 55
        }
      },
      "2": {
        "start": {
          "line": 11,
          "column": 0
        },
        "end": {
          "line": 13,
          "column": 1
        }
      },
      "3": {
        "start": {
          "line": 12,
          "column": 2
        },
        "end": {
          "line": 12,
          "column": 40
        }
      },
      "4": {
        "start": {
          "line": 15,
          "column": 22
        },
        "end": {
          "line": 28,
          "column": 2
        }
      },
      "5": {
        "start": {
          "line": 20,
          "column": 6
        },
        "end": {
          "line": 20,
          "column": 29
        }
      },
      "6": {
        "start": {
          "line": 21,
          "column": 6
        },
        "end": {
          "line": 21,
          "column": 19
        }
      },
      "7": {
        "start": {
          "line": 24,
          "column": 6
        },
        "end": {
          "line": 24,
          "column": 27
        }
      },
      "8": {
        "start": {
          "line": 25,
          "column": 6
        },
        "end": {
          "line": 25,
          "column": 19
        }
      },
      "9": {
        "start": {
          "line": 30,
          "column": 45
        },
        "end": {
          "line": 30,
          "column": 66
        }
      }
    },
    "fnMap": {
      "0": {
        "name": "(anonymous_0)",
        "decl": {
          "start": {
            "line": 19,
            "column": 4
          },
          "end": {
            "line": 19,
            "column": 5
          }
        },
        "loc": {
          "start": {
            "line": 19,
            "column": 35
          },
          "end": {
            "line": 22,
            "column": 5
          }
        },
        "line": 19
      },
      "1": {
        "name": "(anonymous_1)",
        "decl": {
          "start": {
            "line": 23,
            "column": 4
          },
          "end": {
            "line": 23,
            "column": 5
          }
        },
        "loc": {
          "start": {
            "line": 23,
            "column": 25
          },
          "end": {
            "line": 26,
            "column": 5
          }
        },
        "line": 23
      }
    },
    "branchMap": {
      "0": {
        "loc": {
          "start": {
            "line": 11,
            "column": 0
          },
          "end": {
            "line": 13,
            "column": 1
          }
        },
        "type": "if",
        "locations": [
          {
            "start": {
              "line": 11,
              "column": 0
            },
            "end": {
              "line": 13,
              "column": 1
            }
          },
          {
            "start": {
              "line": 11,
              "column": 0
            },
            "end": {
              "line": 13,
              "column": 1
            }
          }
        ],
        "line": 11
      }
    },
    "s": {
      "0": 11,
      "1": 11,
      "2": 11,
      "3": 1,
      "4": 11,
      "5": 6,
      "6": 6,
      "7": 1,
      "8": 1,
      "9": 11
    },
    "f": {
      "0": 6,
      "1": 1
    },
    "b": {
      "0": [
        1,
        10
      ]
    },
    "_coverageSchema": "1a1c01bbd47fc00a2c39e90264f33305004495a9",
    "hash": "cf3544b5592bef537e39cbaf355b9661ef837775"
  },
  "C:\\Users\\OSF\\Desktop\\login - Copia\\src\\store\\reducers\\products.tsx": {
    "path": "C:\\Users\\OSF\\Desktop\\login - Copia\\src\\store\\reducers\\products.tsx",
    "statementMap": {
      "0": {
        "start": {
          "line": 9,
          "column": 42
        },
        "end": {
          "line": 55,
          "column": 1
        }
      },
      "1": {
        "start": {
          "line": 57,
          "column": 25
        },
        "end": {
          "line": 57,
          "column": 57
        }
      },
      "2": {
        "start": {
          "line": 59,
          "column": 0
        },
        "end": {
          "line": 64,
          "column": 1
        }
      },
      "3": {
        "start": {
          "line": 60,
          "column": 34
        },
        "end": {
          "line": 60,
          "column": 64
        }
      },
      "4": {
        "start": {
          "line": 63,
          "column": 2
        },
        "end": {
          "line": 63,
          "column": 41
        }
      },
      "5": {
        "start": {
          "line": 66,
          "column": 22
        },
        "end": {
          "line": 130,
          "column": 2
        }
      },
      "6": {
        "start": {
          "line": 71,
          "column": 6
        },
        "end": {
          "line": 71,
          "column": 41
        }
      },
      "7": {
        "start": {
          "line": 72,
          "column": 6
        },
        "end": {
          "line": 72,
          "column": 62
        }
      },
      "8": {
        "start": {
          "line": 74,
          "column": 6
        },
        "end": {
          "line": 74,
          "column": 19
        }
      },
      "9": {
        "start": {
          "line": 77,
          "column": 6
        },
        "end": {
          "line": 77,
          "column": 78
        }
      },
      "10": {
        "start": {
          "line": 77,
          "column": 54
        },
        "end": {
          "line": 77,
          "column": 76
        }
      },
      "11": {
        "start": {
          "line": 78,
          "column": 6
        },
        "end": {
          "line": 78,
          "column": 62
        }
      },
      "12": {
        "start": {
          "line": 80,
          "column": 6
        },
        "end": {
          "line": 80,
          "column": 19
        }
      },
      "13": {
        "start": {
          "line": 83,
          "column": 6
        },
        "end": {
          "line": 87,
          "column": 9
        }
      },
      "14": {
        "start": {
          "line": 84,
          "column": 8
        },
        "end": {
          "line": 86,
          "column": 9
        }
      },
      "15": {
        "start": {
          "line": 85,
          "column": 10
        },
        "end": {
          "line": 85,
          "column": 50
        }
      },
      "16": {
        "start": {
          "line": 88,
          "column": 6
        },
        "end": {
          "line": 88,
          "column": 62
        }
      },
      "17": {
        "start": {
          "line": 89,
          "column": 6
        },
        "end": {
          "line": 89,
          "column": 19
        }
      },
      "18": {
        "start": {
          "line": 92,
          "column": 6
        },
        "end": {
          "line": 95,
          "column": 9
        }
      },
      "19": {
        "start": {
          "line": 93,
          "column": 8
        },
        "end": {
          "line": 93,
          "column": 38
        }
      },
      "20": {
        "start": {
          "line": 94,
          "column": 8
        },
        "end": {
          "line": 94,
          "column": 29
        }
      },
      "21": {
        "start": {
          "line": 96,
          "column": 6
        },
        "end": {
          "line": 96,
          "column": 62
        }
      },
      "22": {
        "start": {
          "line": 97,
          "column": 6
        },
        "end": {
          "line": 97,
          "column": 19
        }
      },
      "23": {
        "start": {
          "line": 100,
          "column": 6
        },
        "end": {
          "line": 100,
          "column": 27
        }
      },
      "24": {
        "start": {
          "line": 101,
          "column": 6
        },
        "end": {
          "line": 105,
          "column": 9
        }
      },
      "25": {
        "start": {
          "line": 102,
          "column": 8
        },
        "end": {
          "line": 104,
          "column": 9
        }
      },
      "26": {
        "start": {
          "line": 103,
          "column": 10
        },
        "end": {
          "line": 103,
          "column": 34
        }
      },
      "27": {
        "start": {
          "line": 107,
          "column": 6
        },
        "end": {
          "line": 107,
          "column": 62
        }
      },
      "28": {
        "start": {
          "line": 108,
          "column": 6
        },
        "end": {
          "line": 108,
          "column": 19
        }
      },
      "29": {
        "start": {
          "line": 111,
          "column": 6
        },
        "end": {
          "line": 115,
          "column": 9
        }
      },
      "30": {
        "start": {
          "line": 112,
          "column": 8
        },
        "end": {
          "line": 114,
          "column": 9
        }
      },
      "31": {
        "start": {
          "line": 113,
          "column": 10
        },
        "end": {
          "line": 113,
          "column": 34
        }
      },
      "32": {
        "start": {
          "line": 119,
          "column": 6
        },
        "end": {
          "line": 124,
          "column": 9
        }
      },
      "33": {
        "start": {
          "line": 120,
          "column": 8
        },
        "end": {
          "line": 123,
          "column": 9
        }
      },
      "34": {
        "start": {
          "line": 121,
          "column": 10
        },
        "end": {
          "line": 121,
          "column": 45
        }
      },
      "35": {
        "start": {
          "line": 122,
          "column": 10
        },
        "end": {
          "line": 122,
          "column": 36
        }
      },
      "36": {
        "start": {
          "line": 126,
          "column": 6
        },
        "end": {
          "line": 126,
          "column": 62
        }
      },
      "37": {
        "start": {
          "line": 127,
          "column": 6
        },
        "end": {
          "line": 127,
          "column": 19
        }
      },
      "38": {
        "start": {
          "line": 140,
          "column": 4
        },
        "end": {
          "line": 140,
          "column": 25
        }
      }
    },
    "fnMap": {
      "0": {
        "name": "(anonymous_0)",
        "decl": {
          "start": {
            "line": 70,
            "column": 4
          },
          "end": {
            "line": 70,
            "column": 5
          }
        },
        "loc": {
          "start": {
            "line": 70,
            "column": 35
          },
          "end": {
            "line": 75,
            "column": 5
          }
        },
        "line": 70
      },
      "1": {
        "name": "(anonymous_1)",
        "decl": {
          "start": {
            "line": 76,
            "column": 4
          },
          "end": {
            "line": 76,
            "column": 5
          }
        },
        "loc": {
          "start": {
            "line": 76,
            "column": 38
          },
          "end": {
            "line": 81,
            "column": 5
          }
        },
        "line": 76
      },
      "2": {
        "name": "(anonymous_2)",
        "decl": {
          "start": {
            "line": 77,
            "column": 27
          },
          "end": {
            "line": 77,
            "column": 28
          }
        },
        "loc": {
          "start": {
            "line": 77,
            "column": 54
          },
          "end": {
            "line": 77,
            "column": 76
          }
        },
        "line": 77
      },
      "3": {
        "name": "(anonymous_3)",
        "decl": {
          "start": {
            "line": 82,
            "column": 4
          },
          "end": {
            "line": 82,
            "column": 5
          }
        },
        "loc": {
          "start": {
            "line": 82,
            "column": 44
          },
          "end": {
            "line": 90,
            "column": 5
          }
        },
        "line": 82
      },
      "4": {
        "name": "(anonymous_4)",
        "decl": {
          "start": {
            "line": 83,
            "column": 16
          },
          "end": {
            "line": 83,
            "column": 17
          }
        },
        "loc": {
          "start": {
            "line": 83,
            "column": 36
          },
          "end": {
            "line": 87,
            "column": 7
          }
        },
        "line": 83
      },
      "5": {
        "name": "(anonymous_5)",
        "decl": {
          "start": {
            "line": 91,
            "column": 4
          },
          "end": {
            "line": 91,
            "column": 5
          }
        },
        "loc": {
          "start": {
            "line": 91,
            "column": 30
          },
          "end": {
            "line": 98,
            "column": 5
          }
        },
        "line": 91
      },
      "6": {
        "name": "(anonymous_6)",
        "decl": {
          "start": {
            "line": 92,
            "column": 16
          },
          "end": {
            "line": 92,
            "column": 17
          }
        },
        "loc": {
          "start": {
            "line": 92,
            "column": 29
          },
          "end": {
            "line": 95,
            "column": 7
          }
        },
        "line": 92
      },
      "7": {
        "name": "(anonymous_7)",
        "decl": {
          "start": {
            "line": 99,
            "column": 4
          },
          "end": {
            "line": 99,
            "column": 5
          }
        },
        "loc": {
          "start": {
            "line": 99,
            "column": 41
          },
          "end": {
            "line": 109,
            "column": 5
          }
        },
        "line": 99
      },
      "8": {
        "name": "(anonymous_8)",
        "decl": {
          "start": {
            "line": 101,
            "column": 16
          },
          "end": {
            "line": 101,
            "column": 17
          }
        },
        "loc": {
          "start": {
            "line": 101,
            "column": 36
          },
          "end": {
            "line": 105,
            "column": 7
          }
        },
        "line": 101
      },
      "9": {
        "name": "(anonymous_9)",
        "decl": {
          "start": {
            "line": 110,
            "column": 4
          },
          "end": {
            "line": 110,
            "column": 5
          }
        },
        "loc": {
          "start": {
            "line": 110,
            "column": 46
          },
          "end": {
            "line": 116,
            "column": 5
          }
        },
        "line": 110
      },
      "10": {
        "name": "(anonymous_10)",
        "decl": {
          "start": {
            "line": 111,
            "column": 16
          },
          "end": {
            "line": 111,
            "column": 17
          }
        },
        "loc": {
          "start": {
            "line": 111,
            "column": 36
          },
          "end": {
            "line": 115,
            "column": 7
          }
        },
        "line": 111
      },
      "11": {
        "name": "(anonymous_11)",
        "decl": {
          "start": {
            "line": 118,
            "column": 4
          },
          "end": {
            "line": 118,
            "column": 5
          }
        },
        "loc": {
          "start": {
            "line": 118,
            "column": 46
          },
          "end": {
            "line": 128,
            "column": 5
          }
        },
        "line": 118
      },
      "12": {
        "name": "(anonymous_12)",
        "decl": {
          "start": {
            "line": 119,
            "column": 16
          },
          "end": {
            "line": 119,
            "column": 17
          }
        },
        "loc": {
          "start": {
            "line": 119,
            "column": 36
          },
          "end": {
            "line": 124,
            "column": 7
          }
        },
        "line": 119
      }
    },
    "branchMap": {
      "0": {
        "loc": {
          "start": {
            "line": 59,
            "column": 0
          },
          "end": {
            "line": 64,
            "column": 1
          }
        },
        "type": "if",
        "locations": [
          {
            "start": {
              "line": 59,
              "column": 0
            },
            "end": {
              "line": 64,
              "column": 1
            }
          },
          {
            "start": {
              "line": 59,
              "column": 0
            },
            "end": {
              "line": 64,
              "column": 1
            }
          }
        ],
        "line": 59
      },
      "1": {
        "loc": {
          "start": {
            "line": 84,
            "column": 8
          },
          "end": {
            "line": 86,
            "column": 9
          }
        },
        "type": "if",
        "locations": [
          {
            "start": {
              "line": 84,
              "column": 8
            },
            "end": {
              "line": 86,
              "column": 9
            }
          },
          {
            "start": {
              "line": 84,
              "column": 8
            },
            "end": {
              "line": 86,
              "column": 9
            }
          }
        ],
        "line": 84
      },
      "2": {
        "loc": {
          "start": {
            "line": 102,
            "column": 8
          },
          "end": {
            "line": 104,
            "column": 9
          }
        },
        "type": "if",
        "locations": [
          {
            "start": {
              "line": 102,
              "column": 8
            },
            "end": {
              "line": 104,
              "column": 9
            }
          },
          {
            "start": {
              "line": 102,
              "column": 8
            },
            "end": {
              "line": 104,
              "column": 9
            }
          }
        ],
        "line": 102
      },
      "3": {
        "loc": {
          "start": {
            "line": 112,
            "column": 8
          },
          "end": {
            "line": 114,
            "column": 9
          }
        },
        "type": "if",
        "locations": [
          {
            "start": {
              "line": 112,
              "column": 8
            },
            "end": {
              "line": 114,
              "column": 9
            }
          },
          {
            "start": {
              "line": 112,
              "column": 8
            },
            "end": {
              "line": 114,
              "column": 9
            }
          }
        ],
        "line": 112
      },
      "4": {
        "loc": {
          "start": {
            "line": 120,
            "column": 8
          },
          "end": {
            "line": 123,
            "column": 9
          }
        },
        "type": "if",
        "locations": [
          {
            "start": {
              "line": 120,
              "column": 8
            },
            "end": {
              "line": 123,
              "column": 9
            }
          },
          {
            "start": {
              "line": 120,
              "column": 8
            },
            "end": {
              "line": 123,
              "column": 9
            }
          }
        ],
        "line": 120
      }
    },
    "s": {
      "0": 11,
      "1": 11,
      "2": 11,
      "3": 0,
      "4": 0,
      "5": 11,
      "6": 1,
      "7": 1,
      "8": 1,
      "9": 1,
      "10": 5,
      "11": 1,
      "12": 1,
      "13": 4,
      "14": 20,
      "15": 4,
      "16": 4,
      "17": 4,
      "18": 1,
      "19": 5,
      "20": 5,
      "21": 1,
      "22": 1,
      "23": 6,
      "24": 6,
      "25": 30,
      "26": 6,
      "27": 6,
      "28": 6,
      "29": 2,
      "30": 10,
      "31": 2,
      "32": 0,
      "33": 0,
      "34": 0,
      "35": 0,
      "36": 0,
      "37": 0,
      "38": 11
    },
    "f": {
      "0": 1,
      "1": 1,
      "2": 5,
      "3": 4,
      "4": 20,
      "5": 1,
      "6": 5,
      "7": 6,
      "8": 30,
      "9": 2,
      "10": 10,
      "11": 0,
      "12": 0
    },
    "b": {
      "0": [
        0,
        11
      ],
      "1": [
        4,
        16
      ],
      "2": [
        6,
        24
      ],
      "3": [
        2,
        8
      ],
      "4": [
        0,
        0
      ]
    },
    "_coverageSchema": "1a1c01bbd47fc00a2c39e90264f33305004495a9",
    "hash": "5c8d17572b516aace90538733e0f027241446782"
  },
  "C:\\Users\\OSF\\Desktop\\login - Copia\\src\\store\\index.tsx": {
    "path": "C:\\Users\\OSF\\Desktop\\login - Copia\\src\\store\\index.tsx",
    "statementMap": {
      "0": {
        "start": {
          "line": 5,
          "column": 14
        },
        "end": {
          "line": 10,
          "column": 2
        }
      }
    },
    "fnMap": {},
    "branchMap": {},
    "s": {
      "0": 11
    },
    "f": {},
    "b": {},
    "_coverageSchema": "1a1c01bbd47fc00a2c39e90264f33305004495a9",
    "hash": "19ef3c7ab7d749a63e3f063c1dbcd9273b4d793f"
  },
  "C:\\Users\\OSF\\Desktop\\login - Copia\\src\\utils\\registeredUsers.ts": {
    "path": "C:\\Users\\OSF\\Desktop\\login - Copia\\src\\utils\\registeredUsers.ts",
    "statementMap": {
      "0": {
        "start": {
          "line": 1,
          "column": 24
        },
        "end": {
          "line": 12,
          "column": 1
        }
      }
    },
    "fnMap": {},
    "branchMap": {},
    "s": {
      "0": 11
    },
    "f": {},
    "b": {},
    "_coverageSchema": "1a1c01bbd47fc00a2c39e90264f33305004495a9",
    "hash": "c8b64b824a9b3f96753c53bdf29a15706040e3e7"
  },
  "C:\\Users\\OSF\\Desktop\\login - Copia\\src\\utils\\LikensData.ts": {
    "path": "C:\\Users\\OSF\\Desktop\\login - Copia\\src\\utils\\LikensData.ts",
    "statementMap": {
      "0": {
        "start": {
          "line": 11,
          "column": 27
        },
        "end": {
          "line": 14,
          "column": 3
        }
      },
      "1": {
        "start": {
          "line": 13,
          "column": 6
        },
        "end": {
          "line": 13,
          "column": 74
        }
      },
      "2": {
        "start": {
          "line": 16,
          "column": 2
        },
        "end": {
          "line": 19,
          "column": 3
        }
      },
      "3": {
        "start": {
          "line": 17,
          "column": 4
        },
        "end": {
          "line": 17,
          "column": 25
        }
      },
      "4": {
        "start": {
          "line": 18,
          "column": 4
        },
        "end": {
          "line": 18,
          "column": 43
        }
      },
      "5": {
        "start": {
          "line": 21,
          "column": 2
        },
        "end": {
          "line": 21,
          "column": 26
        }
      }
    },
    "fnMap": {
      "0": {
        "name": "LikensData",
        "decl": {
          "start": {
            "line": 5,
            "column": 24
          },
          "end": {
            "line": 5,
            "column": 34
          }
        },
        "loc": {
          "start": {
            "line": 10,
            "column": 14
          },
          "end": {
            "line": 22,
            "column": 1
          }
        },
        "line": 10
      },
      "1": {
        "name": "(anonymous_1)",
        "decl": {
          "start": {
            "line": 12,
            "column": 4
          },
          "end": {
            "line": 12,
            "column": 5
          }
        },
        "loc": {
          "start": {
            "line": 13,
            "column": 6
          },
          "end": {
            "line": 13,
            "column": 74
          }
        },
        "line": 13
      }
    },
    "branchMap": {
      "0": {
        "loc": {
          "start": {
            "line": 13,
            "column": 6
          },
          "end": {
            "line": 13,
            "column": 74
          }
        },
        "type": "binary-expr",
        "locations": [
          {
            "start": {
              "line": 13,
              "column": 6
            },
            "end": {
              "line": 13,
              "column": 34
            }
          },
          {
            "start": {
              "line": 13,
              "column": 38
            },
            "end": {
              "line": 13,
              "column": 74
            }
          }
        ],
        "line": 13
      },
      "1": {
        "loc": {
          "start": {
            "line": 16,
            "column": 2
          },
          "end": {
            "line": 19,
            "column": 3
          }
        },
        "type": "if",
        "locations": [
          {
            "start": {
              "line": 16,
              "column": 2
            },
            "end": {
              "line": 19,
              "column": 3
            }
          },
          {
            "start": {
              "line": 16,
              "column": 2
            },
            "end": {
              "line": 19,
              "column": 3
            }
          }
        ],
        "line": 16
      }
    },
    "s": {
      "0": 7,
      "1": 9,
      "2": 7,
      "3": 1,
      "4": 1,
      "5": 7
    },
    "f": {
      "0": 7,
      "1": 9
    },
    "b": {
      "0": [
        9,
        6
      ],
      "1": [
        1,
        6
      ]
    },
    "_coverageSchema": "1a1c01bbd47fc00a2c39e90264f33305004495a9",
    "hash": "b981ee76e7026dc40beebdcdf39a729bc9bb463f"
  },
  "C:\\Users\\OSF\\Desktop\\login - Copia\\src\\components\\Toast\\Toast.tsx": {
    "path": "C:\\Users\\OSF\\Desktop\\login - Copia\\src\\components\\Toast\\Toast.tsx",
    "statementMap": {
      "0": {
        "start": {
          "line": 48,
          "column": 14
        },
        "end": {
          "line": 76,
          "column": 1
        }
      },
      "1": {
        "start": {
          "line": 57,
          "column": 2
        },
        "end": {
          "line": 75,
          "column": 4
        }
      }
    },
    "fnMap": {
      "0": {
        "name": "(anonymous_0)",
        "decl": {
          "start": {
            "line": 48,
            "column": 14
          },
          "end": {
            "line": 48,
            "column": 15
          }
        },
        "loc": {
          "start": {
            "line": 56,
            "column": 6
          },
          "end": {
            "line": 76,
            "column": 1
          }
        },
        "line": 56
      }
    },
    "branchMap": {
      "0": {
        "loc": {
          "start": {
            "line": 66,
            "column": 7
          },
          "end": {
            "line": 73,
            "column": 7
          }
        },
        "type": "binary-expr",
        "locations": [
          {
            "start": {
              "line": 66,
              "column": 7
            },
            "end": {
              "line": 66,
              "column": 21
            }
          },
          {
            "start": {
              "line": 67,
              "column": 8
            },
            "end": {
              "line": 72,
              "column": 10
            }
          }
        ],
        "line": 66
      }
    },
    "s": {
      "0": 11,
      "1": 8
    },
    "f": {
      "0": 8
    },
    "b": {
      "0": [
        8,
        3
      ]
    },
    "_coverageSchema": "1a1c01bbd47fc00a2c39e90264f33305004495a9",
    "hash": "1717adf74c668c07bc532298aa7bd3faf3188cc6"
  },
  "C:\\Users\\OSF\\Desktop\\login - Copia\\src\\context\\ToastContext.tsx": {
    "path": "C:\\Users\\OSF\\Desktop\\login - Copia\\src\\context\\ToastContext.tsx",
    "statementMap": {
      "0": {
        "start": {
          "line": 5,
          "column": 28
        },
        "end": {
          "line": 5,
          "column": 65
        }
      },
      "1": {
        "start": {
          "line": 7,
          "column": 29
        },
        "end": {
          "line": 15,
          "column": 1
        }
      },
      "2": {
        "start": {
          "line": 8,
          "column": 40
        },
        "end": {
          "line": 8,
          "column": 64
        }
      },
      "3": {
        "start": {
          "line": 10,
          "column": 2
        },
        "end": {
          "line": 14,
          "column": 4
        }
      }
    },
    "fnMap": {
      "0": {
        "name": "(anonymous_0)",
        "decl": {
          "start": {
            "line": 7,
            "column": 29
          },
          "end": {
            "line": 7,
            "column": 30
          }
        },
        "loc": {
          "start": {
            "line": 7,
            "column": 72
          },
          "end": {
            "line": 15,
            "column": 1
          }
        },
        "line": 7
      }
    },
    "branchMap": {},
    "s": {
      "0": 11,
      "1": 11,
      "2": 22,
      "3": 22
    },
    "f": {
      "0": 22
    },
    "b": {},
    "_coverageSchema": "1a1c01bbd47fc00a2c39e90264f33305004495a9",
    "hash": "7390a8973dca46f4318468ce3d287960a22914ea"
  },
  "C:\\Users\\OSF\\Desktop\\login - Copia\\src\\utils\\timeToast.ts": {
    "path": "C:\\Users\\OSF\\Desktop\\login - Copia\\src\\utils\\timeToast.ts",
    "statementMap": {
      "0": {
        "start": {
          "line": 10,
          "column": 20
        },
        "end": {
          "line": 13,
          "column": 12
        }
      },
      "1": {
        "start": {
          "line": 11,
          "column": 6
        },
        "end": {
          "line": 11,
          "column": 28
        }
      },
      "2": {
        "start": {
          "line": 12,
          "column": 7
        },
        "end": {
          "line": 12,
          "column": 30
        }
      },
      "3": {
        "start": {
          "line": 15,
          "column": 4
        },
        "end": {
          "line": 15,
          "column": 19
        }
      }
    },
    "fnMap": {
      "0": {
        "name": "timeToast",
        "decl": {
          "start": {
            "line": 6,
            "column": 16
          },
          "end": {
            "line": 6,
            "column": 25
          }
        },
        "loc": {
          "start": {
            "line": 9,
            "column": 15
          },
          "end": {
            "line": 16,
            "column": 1
          }
        },
        "line": 9
      },
      "1": {
        "name": "(anonymous_1)",
        "decl": {
          "start": {
            "line": 10,
            "column": 31
          },
          "end": {
            "line": 10,
            "column": 32
          }
        },
        "loc": {
          "start": {
            "line": 10,
            "column": 37
          },
          "end": {
            "line": 13,
            "column": 5
          }
        },
        "line": 10
      }
    },
    "branchMap": {
      "0": {
        "loc": {
          "start": {
            "line": 12,
            "column": 7
          },
          "end": {
            "line": 12,
            "column": 29
          }
        },
        "type": "binary-expr",
        "locations": [
          {
            "start": {
              "line": 12,
              "column": 7
            },
            "end": {
              "line": 12,
              "column": 14
            }
          },
          {
            "start": {
              "line": 12,
              "column": 18
            },
            "end": {
              "line": 12,
              "column": 29
            }
          }
        ],
        "line": 12
      }
    },
    "s": {
      "0": 14,
      "1": 1,
      "2": 1,
      "3": 14
    },
    "f": {
      "0": 14,
      "1": 1
    },
    "b": {
      "0": [
        1,
        0
      ]
    },
    "_coverageSchema": "1a1c01bbd47fc00a2c39e90264f33305004495a9",
    "hash": "af4e5e1bbb43a725fac3c3a835586291cf7094b2"
  },
  "C:\\Users\\OSF\\Desktop\\login - Copia\\src\\components\\CardLogin\\CardLogin.tsx": {
    "path": "C:\\Users\\OSF\\Desktop\\login - Copia\\src\\components\\CardLogin\\CardLogin.tsx",
    "statementMap": {
      "0": {
        "start": {
          "line": 13,
          "column": 13
        },
        "end": {
          "line": 13,
          "column": 59
        }
      },
      "1": {
        "start": {
          "line": 14,
          "column": 0
        },
        "end": {
          "line": 14,
          "column": 26
        }
      },
      "2": {
        "start": {
          "line": 16,
          "column": 18
        },
        "end": {
          "line": 110,
          "column": 1
        }
      },
      "3": {
        "start": {
          "line": 17,
          "column": 26
        },
        "end": {
          "line": 17,
          "column": 46
        }
      },
      "4": {
        "start": {
          "line": 18,
          "column": 34
        },
        "end": {
          "line": 18,
          "column": 54
        }
      },
      "5": {
        "start": {
          "line": 19,
          "column": 26
        },
        "end": {
          "line": 19,
          "column": 46
        }
      },
      "6": {
        "start": {
          "line": 20,
          "column": 42
        },
        "end": {
          "line": 20,
          "column": 62
        }
      },
      "7": {
        "start": {
          "line": 21,
          "column": 42
        },
        "end": {
          "line": 21,
          "column": 66
        }
      },
      "8": {
        "start": {
          "line": 22,
          "column": 14
        },
        "end": {
          "line": 22,
          "column": 68
        }
      },
      "9": {
        "start": {
          "line": 24,
          "column": 2
        },
        "end": {
          "line": 28,
          "column": 20
        }
      },
      "10": {
        "start": {
          "line": 25,
          "column": 20
        },
        "end": {
          "line": 25,
          "column": 58
        }
      },
      "11": {
        "start": {
          "line": 27,
          "column": 4
        },
        "end": {
          "line": 27,
          "column": 39
        }
      },
      "12": {
        "start": {
          "line": 27,
          "column": 17
        },
        "end": {
          "line": 27,
          "column": 38
        }
      },
      "13": {
        "start": {
          "line": 30,
          "column": 2
        },
        "end": {
          "line": 109,
          "column": 4
        }
      },
      "14": {
        "start": {
          "line": 47,
          "column": 27
        },
        "end": {
          "line": 47,
          "column": 50
        }
      },
      "15": {
        "start": {
          "line": 62,
          "column": 12
        },
        "end": {
          "line": 62,
          "column": 40
        }
      },
      "16": {
        "start": {
          "line": 68,
          "column": 12
        },
        "end": {
          "line": 70,
          "column": 43
        }
      },
      "17": {
        "start": {
          "line": 84,
          "column": 10
        },
        "end": {
          "line": 93,
          "column": 11
        }
      },
      "18": {
        "start": {
          "line": 85,
          "column": 12
        },
        "end": {
          "line": 85,
          "column": 33
        }
      },
      "19": {
        "start": {
          "line": 86,
          "column": 12
        },
        "end": {
          "line": 86,
          "column": 61
        }
      },
      "20": {
        "start": {
          "line": 88,
          "column": 12
        },
        "end": {
          "line": 90,
          "column": 14
        }
      },
      "21": {
        "start": {
          "line": 91,
          "column": 12
        },
        "end": {
          "line": 91,
          "column": 24
        }
      },
      "22": {
        "start": {
          "line": 92,
          "column": 12
        },
        "end": {
          "line": 92,
          "column": 28
        }
      }
    },
    "fnMap": {
      "0": {
        "name": "(anonymous_0)",
        "decl": {
          "start": {
            "line": 16,
            "column": 18
          },
          "end": {
            "line": 16,
            "column": 19
          }
        },
        "loc": {
          "start": {
            "line": 16,
            "column": 56
          },
          "end": {
            "line": 110,
            "column": 1
          }
        },
        "line": 16
      },
      "1": {
        "name": "(anonymous_1)",
        "decl": {
          "start": {
            "line": 24,
            "column": 12
          },
          "end": {
            "line": 24,
            "column": 13
          }
        },
        "loc": {
          "start": {
            "line": 24,
            "column": 18
          },
          "end": {
            "line": 28,
            "column": 3
          }
        },
        "line": 24
      },
      "2": {
        "name": "(anonymous_2)",
        "decl": {
          "start": {
            "line": 27,
            "column": 11
          },
          "end": {
            "line": 27,
            "column": 12
          }
        },
        "loc": {
          "start": {
            "line": 27,
            "column": 17
          },
          "end": {
            "line": 27,
            "column": 38
          }
        },
        "line": 27
      },
      "3": {
        "name": "(anonymous_3)",
        "decl": {
          "start": {
            "line": 47,
            "column": 20
          },
          "end": {
            "line": 47,
            "column": 21
          }
        },
        "loc": {
          "start": {
            "line": 47,
            "column": 27
          },
          "end": {
            "line": 47,
            "column": 50
          }
        },
        "line": 47
      },
      "4": {
        "name": "(anonymous_4)",
        "decl": {
          "start": {
            "line": 61,
            "column": 20
          },
          "end": {
            "line": 61,
            "column": 21
          }
        },
        "loc": {
          "start": {
            "line": 61,
            "column": 27
          },
          "end": {
            "line": 63,
            "column": 11
          }
        },
        "line": 61
      },
      "5": {
        "name": "(anonymous_5)",
        "decl": {
          "start": {
            "line": 67,
            "column": 19
          },
          "end": {
            "line": 67,
            "column": 20
          }
        },
        "loc": {
          "start": {
            "line": 68,
            "column": 12
          },
          "end": {
            "line": 70,
            "column": 43
          }
        },
        "line": 68
      },
      "6": {
        "name": "(anonymous_6)",
        "decl": {
          "start": {
            "line": 83,
            "column": 17
          },
          "end": {
            "line": 83,
            "column": 18
          }
        },
        "loc": {
          "start": {
            "line": 83,
            "column": 23
          },
          "end": {
            "line": 94,
            "column": 9
          }
        },
        "line": 83
      }
    },
    "branchMap": {
      "0": {
        "loc": {
          "start": {
            "line": 68,
            "column": 12
          },
          "end": {
            "line": 70,
            "column": 43
          }
        },
        "type": "cond-expr",
        "locations": [
          {
            "start": {
              "line": 69,
              "column": 16
            },
            "end": {
              "line": 69,
              "column": 39
            }
          },
          {
            "start": {
              "line": 70,
              "column": 16
            },
            "end": {
              "line": 70,
              "column": 43
            }
          }
        ],
        "line": 68
      },
      "1": {
        "loc": {
          "start": {
            "line": 73,
            "column": 11
          },
          "end": {
            "line": 77,
            "column": 11
          }
        },
        "type": "cond-expr",
        "locations": [
          {
            "start": {
              "line": 74,
              "column": 12
            },
            "end": {
              "line": 74,
              "column": 80
            }
          },
          {
            "start": {
              "line": 76,
              "column": 12
            },
            "end": {
              "line": 76,
              "column": 42
            }
          }
        ],
        "line": 73
      },
      "2": {
        "loc": {
          "start": {
            "line": 84,
            "column": 10
          },
          "end": {
            "line": 93,
            "column": 11
          }
        },
        "type": "if",
        "locations": [
          {
            "start": {
              "line": 84,
              "column": 10
            },
            "end": {
              "line": 93,
              "column": 11
            }
          },
          {
            "start": {
              "line": 84,
              "column": 10
            },
            "end": {
              "line": 93,
              "column": 11
            }
          }
        ],
        "line": 84
      },
      "3": {
        "loc": {
          "start": {
            "line": 98,
            "column": 7
          },
          "end": {
            "line": 107,
            "column": 9
          }
        },
        "type": "binary-expr",
        "locations": [
          {
            "start": {
              "line": 98,
              "column": 7
            },
            "end": {
              "line": 98,
              "column": 27
            }
          },
          {
            "start": {
              "line": 99,
              "column": 8
            },
            "end": {
              "line": 107,
              "column": 9
            }
          }
        ],
        "line": 98
      }
    },
    "s": {
      "0": 11,
      "1": 11,
      "2": 11,
      "3": 91,
      "4": 91,
      "5": 91,
      "6": 91,
      "7": 91,
      "8": 91,
      "9": 91,
      "10": 13,
      "11": 13,
      "12": 8,
      "13": 91,
      "14": 30,
      "15": 40,
      "16": 2,
      "17": 8,
      "18": 1,
      "19": 1,
      "20": 7,
      "21": 7,
      "22": 7
    },
    "f": {
      "0": 91,
      "1": 13,
      "2": 8,
      "3": 30,
      "4": 40,
      "5": 2,
      "6": 8
    },
    "b": {
      "0": [
        1,
        1
      ],
      "1": [
        86,
        5
      ],
      "2": [
        1,
        7
      ],
      "3": [
        91,
        2
      ]
    },
    "_coverageSchema": "1a1c01bbd47fc00a2c39e90264f33305004495a9",
    "hash": "7c4eea45e75794a4fdc98a0f361a22bb238cb50d"
  },
  "C:\\Users\\OSF\\Desktop\\login - Copia\\src\\components\\Footer\\Footer.tsx": {
    "path": "C:\\Users\\OSF\\Desktop\\login - Copia\\src\\components\\Footer\\Footer.tsx",
    "statementMap": {
      "0": {
        "start": {
          "line": 4,
          "column": 15
        },
        "end": {
          "line": 10,
          "column": 1
        }
      },
      "1": {
        "start": {
          "line": 5,
          "column": 2
        },
        "end": {
          "line": 9,
          "column": 4
        }
      }
    },
    "fnMap": {
      "0": {
        "name": "(anonymous_0)",
        "decl": {
          "start": {
            "line": 4,
            "column": 15
          },
          "end": {
            "line": 4,
            "column": 16
          }
        },
        "loc": {
          "start": {
            "line": 4,
            "column": 21
          },
          "end": {
            "line": 10,
            "column": 1
          }
        },
        "line": 4
      }
    },
    "branchMap": {},
    "s": {
      "0": 11,
      "1": 17
    },
    "f": {
      "0": 17
    },
    "b": {},
    "_coverageSchema": "1a1c01bbd47fc00a2c39e90264f33305004495a9",
    "hash": "b6d266dc4616ba9e3a82c3bf1bfd1eebac07e344"
  },
  "C:\\Users\\OSF\\Desktop\\login - Copia\\src\\App.tsx": {
    "path": "C:\\Users\\OSF\\Desktop\\login - Copia\\src\\App.tsx",
    "statementMap": {
      "0": {
        "start": {
          "line": 13,
          "column": 34
        },
        "end": {
          "line": 13,
          "column": 58
        }
      },
      "1": {
        "start": {
          "line": 14,
          "column": 19
        },
        "end": {
          "line": 14,
          "column": 32
        }
      },
      "2": {
        "start": {
          "line": 15,
          "column": 19
        },
        "end": {
          "line": 15,
          "column": 32
        }
      },
      "3": {
        "start": {
          "line": 17,
          "column": 2
        },
        "end": {
          "line": 25,
          "column": 17
        }
      },
      "4": {
        "start": {
          "line": 18,
          "column": 4
        },
        "end": {
          "line": 24,
          "column": 5
        }
      },
      "5": {
        "start": {
          "line": 19,
          "column": 27
        },
        "end": {
          "line": 19,
          "column": 51
        }
      },
      "6": {
        "start": {
          "line": 20,
          "column": 6
        },
        "end": {
          "line": 20,
          "column": 57
        }
      },
      "7": {
        "start": {
          "line": 21,
          "column": 6
        },
        "end": {
          "line": 21,
          "column": 37
        }
      },
      "8": {
        "start": {
          "line": 22,
          "column": 6
        },
        "end": {
          "line": 22,
          "column": 59
        }
      },
      "9": {
        "start": {
          "line": 23,
          "column": 6
        },
        "end": {
          "line": 23,
          "column": 53
        }
      },
      "10": {
        "start": {
          "line": 27,
          "column": 2
        },
        "end": {
          "line": 39,
          "column": 4
        }
      }
    },
    "fnMap": {
      "0": {
        "name": "App",
        "decl": {
          "start": {
            "line": 12,
            "column": 9
          },
          "end": {
            "line": 12,
            "column": 12
          }
        },
        "loc": {
          "start": {
            "line": 12,
            "column": 15
          },
          "end": {
            "line": 40,
            "column": 1
          }
        },
        "line": 12
      },
      "1": {
        "name": "(anonymous_1)",
        "decl": {
          "start": {
            "line": 17,
            "column": 12
          },
          "end": {
            "line": 17,
            "column": 13
          }
        },
        "loc": {
          "start": {
            "line": 17,
            "column": 18
          },
          "end": {
            "line": 25,
            "column": 3
          }
        },
        "line": 17
      }
    },
    "branchMap": {
      "0": {
        "loc": {
          "start": {
            "line": 18,
            "column": 4
          },
          "end": {
            "line": 24,
            "column": 5
          }
        },
        "type": "if",
        "locations": [
          {
            "start": {
              "line": 18,
              "column": 4
            },
            "end": {
              "line": 24,
              "column": 5
            }
          },
          {
            "start": {
              "line": 18,
              "column": 4
            },
            "end": {
              "line": 24,
              "column": 5
            }
          }
        ],
        "line": 18
      },
      "1": {
        "loc": {
          "start": {
            "line": 22,
            "column": 6
          },
          "end": {
            "line": 22,
            "column": 58
          }
        },
        "type": "binary-expr",
        "locations": [
          {
            "start": {
              "line": 22,
              "column": 6
            },
            "end": {
              "line": 22,
              "column": 32
            }
          },
          {
            "start": {
              "line": 22,
              "column": 36
            },
            "end": {
              "line": 22,
              "column": 58
            }
          }
        ],
        "line": 22
      },
      "2": {
        "loc": {
          "start": {
            "line": 23,
            "column": 6
          },
          "end": {
            "line": 23,
            "column": 52
          }
        },
        "type": "binary-expr",
        "locations": [
          {
            "start": {
              "line": 23,
              "column": 6
            },
            "end": {
              "line": 23,
              "column": 31
            }
          },
          {
            "start": {
              "line": 23,
              "column": 35
            },
            "end": {
              "line": 23,
              "column": 52
            }
          }
        ],
        "line": 23
      }
    },
    "s": {
      "0": 17,
      "1": 17,
      "2": 17,
      "3": 17,
      "4": 17,
      "5": 6,
      "6": 6,
      "7": 6,
      "8": 6,
      "9": 6,
      "10": 17
    },
    "f": {
      "0": 17,
      "1": 17
    },
    "b": {
      "0": [
        6,
        11
      ],
      "1": [
        6,
        1
      ],
      "2": [
        6,
        5
      ]
    },
    "_coverageSchema": "1a1c01bbd47fc00a2c39e90264f33305004495a9",
    "hash": "cfe0f04c07f1bbf53b94846a8b24d02b5c29d517"
  },
  "C:\\Users\\OSF\\Desktop\\login - Copia\\src\\context\\CartContext.tsx": {
    "path": "C:\\Users\\OSF\\Desktop\\login - Copia\\src\\context\\CartContext.tsx",
    "statementMap": {
      "0": {
        "start": {
          "line": 5,
          "column": 27
        },
        "end": {
          "line": 5,
          "column": 63
        }
      },
      "1": {
        "start": {
          "line": 7,
          "column": 21
        },
        "end": {
          "line": 15,
          "column": 1
        }
      },
      "2": {
        "start": {
          "line": 8,
          "column": 42
        },
        "end": {
          "line": 8,
          "column": 57
        }
      },
      "3": {
        "start": {
          "line": 10,
          "column": 2
        },
        "end": {
          "line": 14,
          "column": 4
        }
      }
    },
    "fnMap": {
      "0": {
        "name": "(anonymous_0)",
        "decl": {
          "start": {
            "line": 7,
            "column": 21
          },
          "end": {
            "line": 7,
            "column": 22
          }
        },
        "loc": {
          "start": {
            "line": 7,
            "column": 53
          },
          "end": {
            "line": 15,
            "column": 1
          }
        },
        "line": 7
      }
    },
    "branchMap": {},
    "s": {
      "0": 11,
      "1": 11,
      "2": 1,
      "3": 1
    },
    "f": {
      "0": 1
    },
    "b": {},
    "_coverageSchema": "1a1c01bbd47fc00a2c39e90264f33305004495a9",
    "hash": "ba4c005c051163cd4af948b541c44d7519774c82"
  },
  "C:\\Users\\OSF\\Desktop\\login - Copia\\src\\context\\FormContext.tsx": {
    "path": "C:\\Users\\OSF\\Desktop\\login - Copia\\src\\context\\FormContext.tsx",
    "statementMap": {
      "0": {
        "start": {
          "line": 6,
          "column": 27
        },
        "end": {
          "line": 6,
          "column": 63
        }
      },
      "1": {
        "start": {
          "line": 8,
          "column": 28
        },
        "end": {
          "line": 40,
          "column": 1
        }
      },
      "2": {
        "start": {
          "line": 9,
          "column": 32
        },
        "end": {
          "line": 17,
          "column": 4
        }
      },
      "3": {
        "start": {
          "line": 19,
          "column": 25
        },
        "end": {
          "line": 27,
          "column": 3
        }
      },
      "4": {
        "start": {
          "line": 29,
          "column": 2
        },
        "end": {
          "line": 39,
          "column": 4
        }
      }
    },
    "fnMap": {
      "0": {
        "name": "(anonymous_0)",
        "decl": {
          "start": {
            "line": 8,
            "column": 28
          },
          "end": {
            "line": 8,
            "column": 29
          }
        },
        "loc": {
          "start": {
            "line": 8,
            "column": 60
          },
          "end": {
            "line": 40,
            "column": 1
          }
        },
        "line": 8
      }
    },
    "branchMap": {},
    "s": {
      "0": 11,
      "1": 11,
      "2": 25,
      "3": 25,
      "4": 25
    },
    "f": {
      "0": 25
    },
    "b": {},
    "_coverageSchema": "1a1c01bbd47fc00a2c39e90264f33305004495a9",
    "hash": "51375829b9a89c095869d2fe66140878671e97d1"
  },
  "C:\\Users\\OSF\\Desktop\\login - Copia\\src\\components\\Navbar\\Navbar.tsx": {
    "path": "C:\\Users\\OSF\\Desktop\\login - Copia\\src\\components\\Navbar\\Navbar.tsx",
    "statementMap": {
      "0": {
        "start": {
          "line": 10,
          "column": 15
        },
        "end": {
          "line": 76,
          "column": 1
        }
      },
      "1": {
        "start": {
          "line": 11,
          "column": 16
        },
        "end": {
          "line": 16,
          "column": 3
        }
      },
      "2": {
        "start": {
          "line": 17,
          "column": 19
        },
        "end": {
          "line": 17,
          "column": 32
        }
      },
      "3": {
        "start": {
          "line": 18,
          "column": 19
        },
        "end": {
          "line": 18,
          "column": 32
        }
      },
      "4": {
        "start": {
          "line": 19,
          "column": 58
        },
        "end": {
          "line": 19,
          "column": 73
        }
      },
      "5": {
        "start": {
          "line": 22,
          "column": 4
        },
        "end": {
          "line": 22,
          "column": 51
        }
      },
      "6": {
        "start": {
          "line": 25,
          "column": 2
        },
        "end": {
          "line": 75,
          "column": 4
        }
      },
      "7": {
        "start": {
          "line": 34,
          "column": 14
        },
        "end": {
          "line": 51,
          "column": 16
        }
      },
      "8": {
        "start": {
          "line": 57,
          "column": 14
        },
        "end": {
          "line": 57,
          "column": 40
        }
      },
      "9": {
        "start": {
          "line": 58,
          "column": 14
        },
        "end": {
          "line": 58,
          "column": 54
        }
      },
      "10": {
        "start": {
          "line": 71,
          "column": 25
        },
        "end": {
          "line": 71,
          "column": 51
        }
      }
    },
    "fnMap": {
      "0": {
        "name": "(anonymous_0)",
        "decl": {
          "start": {
            "line": 10,
            "column": 15
          },
          "end": {
            "line": 10,
            "column": 16
          }
        },
        "loc": {
          "start": {
            "line": 10,
            "column": 21
          },
          "end": {
            "line": 76,
            "column": 1
          }
        },
        "line": 10
      },
      "1": {
        "name": "toggleHamburguerMenuMode",
        "decl": {
          "start": {
            "line": 21,
            "column": 11
          },
          "end": {
            "line": 21,
            "column": 35
          }
        },
        "loc": {
          "start": {
            "line": 21,
            "column": 38
          },
          "end": {
            "line": 23,
            "column": 3
          }
        },
        "line": 21
      },
      "2": {
        "name": "(anonymous_2)",
        "decl": {
          "start": {
            "line": 33,
            "column": 12
          },
          "end": {
            "line": 33,
            "column": 13
          }
        },
        "loc": {
          "start": {
            "line": 34,
            "column": 14
          },
          "end": {
            "line": 51,
            "column": 16
          }
        },
        "line": 34
      },
      "3": {
        "name": "(anonymous_3)",
        "decl": {
          "start": {
            "line": 56,
            "column": 21
          },
          "end": {
            "line": 56,
            "column": 22
          }
        },
        "loc": {
          "start": {
            "line": 56,
            "column": 27
          },
          "end": {
            "line": 59,
            "column": 13
          }
        },
        "line": 56
      },
      "4": {
        "name": "(anonymous_4)",
        "decl": {
          "start": {
            "line": 71,
            "column": 19
          },
          "end": {
            "line": 71,
            "column": 20
          }
        },
        "loc": {
          "start": {
            "line": 71,
            "column": 25
          },
          "end": {
            "line": 71,
            "column": 51
          }
        },
        "line": 71
      }
    },
    "branchMap": {
      "0": {
        "loc": {
          "start": {
            "line": 31,
            "column": 23
          },
          "end": {
            "line": 31,
            "column": 76
          }
        },
        "type": "cond-expr",
        "locations": [
          {
            "start": {
              "line": 31,
              "column": 46
            },
            "end": {
              "line": 31,
              "column": 60
            }
          },
          {
            "start": {
              "line": 31,
              "column": 63
            },
            "end": {
              "line": 31,
              "column": 76
            }
          }
        ],
        "line": 31
      },
      "1": {
        "loc": {
          "start": {
            "line": 34,
            "column": 14
          },
          "end": {
            "line": 51,
            "column": 16
          }
        },
        "type": "binary-expr",
        "locations": [
          {
            "start": {
              "line": 34,
              "column": 14
            },
            "end": {
              "line": 34,
              "column": 49
            }
          },
          {
            "start": {
              "line": 35,
              "column": 15
            },
            "end": {
              "line": 51,
              "column": 15
            }
          }
        ],
        "line": 34
      },
      "2": {
        "loc": {
          "start": {
            "line": 35,
            "column": 15
          },
          "end": {
            "line": 51,
            "column": 15
          }
        },
        "type": "cond-expr",
        "locations": [
          {
            "start": {
              "line": 36,
              "column": 16
            },
            "end": {
              "line": 42,
              "column": 23
            }
          },
          {
            "start": {
              "line": 44,
              "column": 16
            },
            "end": {
              "line": 50,
              "column": 23
            }
          }
        ],
        "line": 35
      }
    },
    "s": {
      "0": 11,
      "1": 23,
      "2": 23,
      "3": 23,
      "4": 23,
      "5": 1,
      "6": 23,
      "7": 92,
      "8": 1,
      "9": 1,
      "10": 1
    },
    "f": {
      "0": 23,
      "1": 1,
      "2": 92,
      "3": 1,
      "4": 1
    },
    "b": {
      "0": [
        1,
        22
      ],
      "1": [
        92,
        69
      ],
      "2": [
        17,
        52
      ]
    },
    "_coverageSchema": "1a1c01bbd47fc00a2c39e90264f33305004495a9",
    "hash": "55068b8cb61ed6343462e597e320ebe6eb0609cf"
  },
  "C:\\Users\\OSF\\Desktop\\login - Copia\\src\\components\\ProductsCart\\ProductsCart.tsx": {
    "path": "C:\\Users\\OSF\\Desktop\\login - Copia\\src\\components\\ProductsCart\\ProductsCart.tsx",
    "statementMap": {
      "0": {
        "start": {
          "line": 14,
          "column": 19
        },
        "end": {
          "line": 18,
          "column": 1
        }
      },
      "1": {
        "start": {
          "line": 20,
          "column": 21
        },
        "end": {
          "line": 105,
          "column": 1
        }
      },
      "2": {
        "start": {
          "line": 21,
          "column": 19
        },
        "end": {
          "line": 23,
          "column": 3
        }
      },
      "3": {
        "start": {
          "line": 22,
          "column": 45
        },
        "end": {
          "line": 22,
          "column": 59
        }
      },
      "4": {
        "start": {
          "line": 24,
          "column": 19
        },
        "end": {
          "line": 24,
          "column": 32
        }
      },
      "5": {
        "start": {
          "line": 27,
          "column": 16
        },
        "end": {
          "line": 27,
          "column": 17
        }
      },
      "6": {
        "start": {
          "line": 28,
          "column": 4
        },
        "end": {
          "line": 30,
          "column": 6
        }
      },
      "7": {
        "start": {
          "line": 29,
          "column": 34
        },
        "end": {
          "line": 29,
          "column": 75
        }
      },
      "8": {
        "start": {
          "line": 32,
          "column": 4
        },
        "end": {
          "line": 32,
          "column": 17
        }
      },
      "9": {
        "start": {
          "line": 35,
          "column": 2
        },
        "end": {
          "line": 104,
          "column": 4
        }
      },
      "10": {
        "start": {
          "line": 46,
          "column": 10
        },
        "end": {
          "line": 86,
          "column": 11
        }
      },
      "11": {
        "start": {
          "line": 60,
          "column": 20
        },
        "end": {
          "line": 62,
          "column": 21
        }
      },
      "12": {
        "start": {
          "line": 61,
          "column": 22
        },
        "end": {
          "line": 61,
          "column": 61
        }
      },
      "13": {
        "start": {
          "line": 70,
          "column": 20
        },
        "end": {
          "line": 71,
          "column": 66
        }
      },
      "14": {
        "start": {
          "line": 71,
          "column": 22
        },
        "end": {
          "line": 71,
          "column": 66
        }
      },
      "15": {
        "start": {
          "line": 83,
          "column": 31
        },
        "end": {
          "line": 83,
          "column": 74
        }
      },
      "16": {
        "start": {
          "line": 97,
          "column": 35
        },
        "end": {
          "line": 97,
          "column": 65
        }
      }
    },
    "fnMap": {
      "0": {
        "name": "(anonymous_0)",
        "decl": {
          "start": {
            "line": 20,
            "column": 21
          },
          "end": {
            "line": 20,
            "column": 22
          }
        },
        "loc": {
          "start": {
            "line": 20,
            "column": 27
          },
          "end": {
            "line": 105,
            "column": 1
          }
        },
        "line": 20
      },
      "1": {
        "name": "(anonymous_1)",
        "decl": {
          "start": {
            "line": 22,
            "column": 4
          },
          "end": {
            "line": 22,
            "column": 5
          }
        },
        "loc": {
          "start": {
            "line": 22,
            "column": 45
          },
          "end": {
            "line": 22,
            "column": 59
          }
        },
        "line": 22
      },
      "2": {
        "name": "calculaTotal",
        "decl": {
          "start": {
            "line": 26,
            "column": 11
          },
          "end": {
            "line": 26,
            "column": 23
          }
        },
        "loc": {
          "start": {
            "line": 26,
            "column": 26
          },
          "end": {
            "line": 33,
            "column": 3
          }
        },
        "line": 26
      },
      "3": {
        "name": "(anonymous_3)",
        "decl": {
          "start": {
            "line": 29,
            "column": 6
          },
          "end": {
            "line": 29,
            "column": 7
          }
        },
        "loc": {
          "start": {
            "line": 29,
            "column": 34
          },
          "end": {
            "line": 29,
            "column": 75
          }
        },
        "line": 29
      },
      "4": {
        "name": "(anonymous_4)",
        "decl": {
          "start": {
            "line": 45,
            "column": 8
          },
          "end": {
            "line": 45,
            "column": 9
          }
        },
        "loc": {
          "start": {
            "line": 46,
            "column": 10
          },
          "end": {
            "line": 86,
            "column": 11
          }
        },
        "line": 46
      },
      "5": {
        "name": "(anonymous_5)",
        "decl": {
          "start": {
            "line": 59,
            "column": 27
          },
          "end": {
            "line": 59,
            "column": 28
          }
        },
        "loc": {
          "start": {
            "line": 59,
            "column": 33
          },
          "end": {
            "line": 63,
            "column": 19
          }
        },
        "line": 59
      },
      "6": {
        "name": "(anonymous_6)",
        "decl": {
          "start": {
            "line": 69,
            "column": 27
          },
          "end": {
            "line": 69,
            "column": 28
          }
        },
        "loc": {
          "start": {
            "line": 69,
            "column": 33
          },
          "end": {
            "line": 72,
            "column": 19
          }
        },
        "line": 69
      },
      "7": {
        "name": "(anonymous_7)",
        "decl": {
          "start": {
            "line": 83,
            "column": 25
          },
          "end": {
            "line": 83,
            "column": 26
          }
        },
        "loc": {
          "start": {
            "line": 83,
            "column": 31
          },
          "end": {
            "line": 83,
            "column": 74
          }
        },
        "line": 83
      },
      "8": {
        "name": "(anonymous_8)",
        "decl": {
          "start": {
            "line": 97,
            "column": 8
          },
          "end": {
            "line": 97,
            "column": 9
          }
        },
        "loc": {
          "start": {
            "line": 97,
            "column": 35
          },
          "end": {
            "line": 97,
            "column": 65
          }
        },
        "line": 97
      }
    },
    "branchMap": {
      "0": {
        "loc": {
          "start": {
            "line": 46,
            "column": 10
          },
          "end": {
            "line": 86,
            "column": 11
          }
        },
        "type": "binary-expr",
        "locations": [
          {
            "start": {
              "line": 46,
              "column": 10
            },
            "end": {
              "line": 46,
              "column": 40
            }
          },
          {
            "start": {
              "line": 47,
              "column": 12
            },
            "end": {
              "line": 85,
              "column": 18
            }
          }
        ],
        "line": 46
      },
      "1": {
        "loc": {
          "start": {
            "line": 60,
            "column": 20
          },
          "end": {
            "line": 62,
            "column": 21
          }
        },
        "type": "if",
        "locations": [
          {
            "start": {
              "line": 60,
              "column": 20
            },
            "end": {
              "line": 62,
              "column": 21
            }
          },
          {
            "start": {
              "line": 60,
              "column": 20
            },
            "end": {
              "line": 62,
              "column": 21
            }
          }
        ],
        "line": 60
      },
      "2": {
        "loc": {
          "start": {
            "line": 70,
            "column": 20
          },
          "end": {
            "line": 71,
            "column": 66
          }
        },
        "type": "if",
        "locations": [
          {
            "start": {
              "line": 70,
              "column": 20
            },
            "end": {
              "line": 71,
              "column": 66
            }
          },
          {
            "start": {
              "line": 70,
              "column": 20
            },
            "end": {
              "line": 71,
              "column": 66
            }
          }
        ],
        "line": 70
      },
      "3": {
        "loc": {
          "start": {
            "line": 89,
            "column": 7
          },
          "end": {
            "line": 94,
            "column": 7
          }
        },
        "type": "binary-expr",
        "locations": [
          {
            "start": {
              "line": 89,
              "column": 7
            },
            "end": {
              "line": 89,
              "column": 27
            }
          },
          {
            "start": {
              "line": 90,
              "column": 8
            },
            "end": {
              "line": 93,
              "column": 14
            }
          }
        ],
        "line": 89
      },
      "4": {
        "loc": {
          "start": {
            "line": 96,
            "column": 7
          },
          "end": {
            "line": 102,
            "column": 7
          }
        },
        "type": "binary-expr",
        "locations": [
          {
            "start": {
              "line": 96,
              "column": 7
            },
            "end": {
              "line": 98,
              "column": 17
            }
          },
          {
            "start": {
              "line": 99,
              "column": 8
            },
            "end": {
              "line": 101,
              "column": 13
            }
          }
        ],
        "line": 96
      }
    },
    "s": {
      "0": 11,
      "1": 11,
      "2": 6,
      "3": 12,
      "4": 6,
      "5": 10,
      "6": 10,
      "7": 50,
      "8": 10,
      "9": 6,
      "10": 30,
      "11": 2,
      "12": 2,
      "13": 1,
      "14": 1,
      "15": 0,
      "16": 14
    },
    "f": {
      "0": 6,
      "1": 12,
      "2": 10,
      "3": 50,
      "4": 30,
      "5": 2,
      "6": 1,
      "7": 0,
      "8": 14
    },
    "b": {
      "0": [
        30,
        8
      ],
      "1": [
        2,
        0
      ],
      "2": [
        1,
        0
      ],
      "3": [
        6,
        4
      ],
      "4": [
        6,
        2
      ]
    },
    "_coverageSchema": "1a1c01bbd47fc00a2c39e90264f33305004495a9",
    "hash": "65b114fe877ae454ac7277cd07592ba7fb10bf6c"
  },
  "C:\\Users\\OSF\\Desktop\\login - Copia\\src\\pages\\Carrinho\\Carrinho.tsx": {
    "path": "C:\\Users\\OSF\\Desktop\\login - Copia\\src\\pages\\Carrinho\\Carrinho.tsx",
    "statementMap": {
      "0": {
        "start": {
          "line": 19,
          "column": 23
        },
        "end": {
          "line": 23,
          "column": 1
        }
      },
      "1": {
        "start": {
          "line": 25,
          "column": 22
        },
        "end": {
          "line": 30,
          "column": 1
        }
      },
      "2": {
        "start": {
          "line": 32,
          "column": 11
        },
        "end": {
          "line": 38,
          "column": 1
        }
      },
      "3": {
        "start": {
          "line": 40,
          "column": 16
        },
        "end": {
          "line": 50,
          "column": 1
        }
      },
      "4": {
        "start": {
          "line": 52,
          "column": 21
        },
        "end": {
          "line": 64,
          "column": 1
        }
      },
      "5": {
        "start": {
          "line": 73,
          "column": 17
        },
        "end": {
          "line": 131,
          "column": 1
        }
      },
      "6": {
        "start": {
          "line": 74,
          "column": 19
        },
        "end": {
          "line": 74,
          "column": 32
        }
      },
      "7": {
        "start": {
          "line": 75,
          "column": 19
        },
        "end": {
          "line": 77,
          "column": 3
        }
      },
      "8": {
        "start": {
          "line": 76,
          "column": 45
        },
        "end": {
          "line": 76,
          "column": 59
        }
      },
      "9": {
        "start": {
          "line": 78,
          "column": 42
        },
        "end": {
          "line": 78,
          "column": 66
        }
      },
      "10": {
        "start": {
          "line": 80,
          "column": 2
        },
        "end": {
          "line": 85,
          "column": 20
        }
      },
      "11": {
        "start": {
          "line": 81,
          "column": 4
        },
        "end": {
          "line": 84,
          "column": 5
        }
      },
      "12": {
        "start": {
          "line": 82,
          "column": 22
        },
        "end": {
          "line": 82,
          "column": 51
        }
      },
      "13": {
        "start": {
          "line": 83,
          "column": 6
        },
        "end": {
          "line": 83,
          "column": 41
        }
      },
      "14": {
        "start": {
          "line": 83,
          "column": 19
        },
        "end": {
          "line": 83,
          "column": 40
        }
      },
      "15": {
        "start": {
          "line": 87,
          "column": 2
        },
        "end": {
          "line": 130,
          "column": 4
        }
      },
      "16": {
        "start": {
          "line": 116,
          "column": 39
        },
        "end": {
          "line": 116,
          "column": 69
        }
      },
      "17": {
        "start": {
          "line": 121,
          "column": 12
        },
        "end": {
          "line": 121,
          "column": 43
        }
      },
      "18": {
        "start": {
          "line": 122,
          "column": 12
        },
        "end": {
          "line": 122,
          "column": 33
        }
      }
    },
    "fnMap": {
      "0": {
        "name": "(anonymous_0)",
        "decl": {
          "start": {
            "line": 73,
            "column": 17
          },
          "end": {
            "line": 73,
            "column": 18
          }
        },
        "loc": {
          "start": {
            "line": 73,
            "column": 23
          },
          "end": {
            "line": 131,
            "column": 1
          }
        },
        "line": 73
      },
      "1": {
        "name": "(anonymous_1)",
        "decl": {
          "start": {
            "line": 76,
            "column": 4
          },
          "end": {
            "line": 76,
            "column": 5
          }
        },
        "loc": {
          "start": {
            "line": 76,
            "column": 45
          },
          "end": {
            "line": 76,
            "column": 59
          }
        },
        "line": 76
      },
      "2": {
        "name": "(anonymous_2)",
        "decl": {
          "start": {
            "line": 80,
            "column": 12
          },
          "end": {
            "line": 80,
            "column": 13
          }
        },
        "loc": {
          "start": {
            "line": 80,
            "column": 18
          },
          "end": {
            "line": 85,
            "column": 3
          }
        },
        "line": 80
      },
      "3": {
        "name": "(anonymous_3)",
        "decl": {
          "start": {
            "line": 83,
            "column": 13
          },
          "end": {
            "line": 83,
            "column": 14
          }
        },
        "loc": {
          "start": {
            "line": 83,
            "column": 19
          },
          "end": {
            "line": 83,
            "column": 40
          }
        },
        "line": 83
      },
      "4": {
        "name": "(anonymous_4)",
        "decl": {
          "start": {
            "line": 116,
            "column": 26
          },
          "end": {
            "line": 116,
            "column": 27
          }
        },
        "loc": {
          "start": {
            "line": 116,
            "column": 39
          },
          "end": {
            "line": 116,
            "column": 69
          }
        },
        "line": 116
      },
      "5": {
        "name": "(anonymous_5)",
        "decl": {
          "start": {
            "line": 120,
            "column": 19
          },
          "end": {
            "line": 120,
            "column": 20
          }
        },
        "loc": {
          "start": {
            "line": 120,
            "column": 25
          },
          "end": {
            "line": 123,
            "column": 11
          }
        },
        "line": 120
      }
    },
    "branchMap": {
      "0": {
        "loc": {
          "start": {
            "line": 81,
            "column": 4
          },
          "end": {
            "line": 84,
            "column": 5
          }
        },
        "type": "if",
        "locations": [
          {
            "start": {
              "line": 81,
              "column": 4
            },
            "end": {
              "line": 84,
              "column": 5
            }
          },
          {
            "start": {
              "line": 81,
              "column": 4
            },
            "end": {
              "line": 84,
              "column": 5
            }
          }
        ],
        "line": 81
      },
      "1": {
        "loc": {
          "start": {
            "line": 105,
            "column": 7
          },
          "end": {
            "line": 111,
            "column": 9
          }
        },
        "type": "binary-expr",
        "locations": [
          {
            "start": {
              "line": 105,
              "column": 7
            },
            "end": {
              "line": 105,
              "column": 27
            }
          },
          {
            "start": {
              "line": 106,
              "column": 8
            },
[...]
        },
        "end": {
          "line": 25,
          "column": 73
        }
      },
      "3": {
        "start": {
          "line": 26,
          "column": 19
        },
        "end": {
          "line": 26,
          "column": 32
        }
      },
      "4": {
        "start": {
          "line": 28,
          "column": 2
        },
        "end": {
          "line": 111,
          "column": 4
        }
      },
      "5": {
        "start": {
          "line": 32,
          "column": 30
        },
        "end": {
          "line": 32,
          "column": 42
        }
      },
      "6": {
        "start": {
          "line": 45,
          "column": 31
        },
        "end": {
          "line": 45,
          "column": 79
        }
      },
      "7": {
        "start": {
          "line": 55,
          "column": 16
        },
        "end": {
          "line": 55,
          "column": 71
        }
      },
      "8": {
        "start": {
          "line": 66,
          "column": 16
        },
        "end": {
          "line": 66,
          "column": 66
        }
      },
      "9": {
        "start": {
          "line": 77,
          "column": 16
        },
        "end": {
          "line": 77,
          "column": 75
        }
      },
      "10": {
        "start": {
          "line": 88,
          "column": 16
        },
        "end": {
          "line": 88,
          "column": 75
        }
      },
      "11": {
        "start": {
          "line": 95,
          "column": 14
        },
        "end": {
          "line": 95,
          "column": 33
        }
      },
      "12": {
        "start": {
          "line": 96,
          "column": 14
        },
        "end": {
          "line": 100,
          "column": 15
        }
      },
      "13": {
        "start": {
          "line": 97,
          "column": 16
        },
        "end": {
          "line": 97,
          "column": 46
        }
      },
      "14": {
        "start": {
          "line": 98,
          "column": 16
        },
        "end": {
          "line": 98,
          "column": 50
        }
      },
      "15": {
        "start": {
          "line": 99,
          "column": 16
        },
        "end": {
          "line": 99,
          "column": 29
        }
      },
      "16": {
        "start": {
          "line": 105,
          "column": 58
        },
        "end": {
          "line": 105,
          "column": 70
        }
      }
    },
    "fnMap": {
      "0": {
        "name": "CustomModal",
        "decl": {
          "start": {
            "line": 19,
            "column": 24
          },
          "end": {
            "line": 19,
            "column": 35
          }
        },
        "loc": {
          "start": {
            "line": 24,
            "column": 21
          },
          "end": {
            "line": 112,
            "column": 1
          }
        },
        "line": 24
      },
      "1": {
        "name": "(anonymous_1)",
        "decl": {
          "start": {
            "line": 32,
            "column": 24
          },
          "end": {
            "line": 32,
            "column": 25
          }
        },
        "loc": {
          "start": {
            "line": 32,
            "column": 30
          },
          "end": {
            "line": 32,
            "column": 42
          }
        },
        "line": 32
      },
      "2": {
        "name": "(anonymous_2)",
        "decl": {
          "start": {
            "line": 45,
            "column": 24
          },
          "end": {
            "line": 45,
            "column": 25
          }
        },
        "loc": {
          "start": {
            "line": 45,
            "column": 31
          },
          "end": {
            "line": 45,
            "column": 79
          }
        },
        "line": 45
      },
      "3": {
        "name": "(anonymous_3)",
        "decl": {
          "start": {
            "line": 54,
            "column": 24
          },
          "end": {
            "line": 54,
            "column": 25
          }
        },
        "loc": {
          "start": {
            "line": 55,
            "column": 16
          },
          "end": {
            "line": 55,
            "column": 71
          }
        },
        "line": 55
      },
      "4": {
        "name": "(anonymous_4)",
        "decl": {
          "start": {
            "line": 65,
            "column": 24
          },
          "end": {
            "line": 65,
            "column": 25
          }
        },
        "loc": {
          "start": {
            "line": 65,
            "column": 31
          },
          "end": {
            "line": 67,
            "column": 15
          }
        },
        "line": 65
      },
      "5": {
        "name": "(anonymous_5)",
        "decl": {
          "start": {
            "line": 76,
            "column": 24
          },
          "end": {
            "line": 76,
            "column": 25
          }
        },
        "loc": {
          "start": {
            "line": 77,
            "column": 16
          },
          "end": {
            "line": 77,
            "column": 75
          }
        },
        "line": 77
      },
      "6": {
        "name": "(anonymous_6)",
        "decl": {
          "start": {
            "line": 87,
            "column": 24
          },
          "end": {
            "line": 87,
            "column": 25
          }
        },
        "loc": {
          "start": {
            "line": 88,
            "column": 16
          },
          "end": {
            "line": 88,
            "column": 75
          }
        },
        "line": 88
      },
      "7": {
        "name": "(anonymous_7)",
        "decl": {
          "start": {
            "line": 94,
            "column": 21
          },
          "end": {
            "line": 94,
            "column": 22
          }
        },
        "loc": {
          "start": {
            "line": 94,
            "column": 28
          },
          "end": {
            "line": 101,
            "column": 13
          }
        },
        "line": 94
      },
      "8": {
        "name": "(anonymous_8)",
        "decl": {
          "start": {
            "line": 105,
            "column": 52
          },
          "end": {
            "line": 105,
            "column": 53
          }
        },
        "loc": {
          "start": {
            "line": 105,
            "column": 58
          },
          "end": {
            "line": 105,
            "column": 70
          }
        },
        "line": 105
      }
    },
    "branchMap": {
      "0": {
        "loc": {
          "start": {
            "line": 96,
            "column": 14
          },
          "end": {
            "line": 100,
            "column": 15
          }
        },
        "type": "if",
        "locations": [
          {
            "start": {
              "line": 96,
              "column": 14
            },
            "end": {
              "line": 100,
              "column": 15
            }
          },
          {
            "start": {
              "line": 96,
              "column": 14
            },
            "end": {
              "line": 100,
              "column": 15
            }
          }
        ],
        "line": 96
      }
    },
    "s": {
      "0": 11,
      "1": 11,
      "2": 29,
      "3": 29,
      "4": 29,
      "5": 0,
      "6": 12,
      "7": 3,
      "8": 1,
      "9": 4,
      "10": 1,
      "11": 1,
      "12": 1,
      "13": 1,
      "14": 1,
      "15": 1,
      "16": 1
    },
    "f": {
      "0": 29,
      "1": 0,
      "2": 12,
      "3": 3,
      "4": 1,
      "5": 4,
      "6": 1,
      "7": 1,
      "8": 1
    },
    "b": {
      "0": [
        1,
        0
      ]
    },
    "_coverageSchema": "1a1c01bbd47fc00a2c39e90264f33305004495a9",
    "hash": "1d05a4aaa77e3a8ba81f39c0cf35cc9fd592b5b3"
  },
  "C:\\Users\\OSF\\Desktop\\login - Copia\\src\\pages\\Products\\Products.tsx": {
    "path": "C:\\Users\\OSF\\Desktop\\login - Copia\\src\\pages\\Products\\Products.tsx",
    "statementMap": {
      "0": {
        "start": {
          "line": 15,
          "column": 13
        },
        "end": {
          "line": 15,
          "column": 59
        }
      },
      "1": {
        "start": {
          "line": 16,
          "column": 0
        },
        "end": {
          "line": 16,
          "column": 26
        }
      },
      "2": {
        "start": {
          "line": 18,
          "column": 17
        },
        "end": {
          "line": 72,
          "column": 1
        }
      },
      "3": {
        "start": {
          "line": 19,
          "column": 19
        },
        "end": {
          "line": 21,
          "column": 3
        }
      },
      "4": {
        "start": {
          "line": 20,
          "column": 45
        },
        "end": {
          "line": 20,
          "column": 59
        }
      },
      "5": {
        "start": {
          "line": 22,
          "column": 19
        },
        "end": {
          "line": 22,
          "column": 32
        }
      },
      "6": {
        "start": {
          "line": 23,
          "column": 19
        },
        "end": {
          "line": 23,
          "column": 32
        }
      },
      "7": {
        "start": {
          "line": 24,
          "column": 19
        },
        "end": {
          "line": 26,
          "column": 3
        }
      },
      "8": {
        "start": {
          "line": 25,
          "column": 43
        },
        "end": {
          "line": 25,
          "column": 57
        }
      },
      "9": {
        "start": {
          "line": 27,
          "column": 35
        },
        "end": {
          "line": 27,
          "column": 50
        }
      },
      "10": {
        "start": {
          "line": 30,
          "column": 4
        },
        "end": {
          "line": 30,
          "column": 20
        }
      },
      "11": {
        "start": {
          "line": 34,
          "column": 4
        },
        "end": {
          "line": 34,
          "column": 21
        }
      },
      "12": {
        "start": {
          "line": 37,
          "column": 2
        },
        "end": {
          "line": 71,
          "column": 4
        }
      },
      "13": {
        "start": {
          "line": 42,
          "column": 8
        },
        "end": {
          "line": 53,
          "column": 14
        }
      },
      "14": {
        "start": {
          "line": 51,
          "column": 27
        },
        "end": {
          "line": 51,
          "column": 62
        }
      },
      "15": {
        "start": {
          "line": 66,
          "column": 23
        },
        "end": {
          "line": 66,
          "column": 34
        }
      }
    },
    "fnMap": {
      "0": {
        "name": "(anonymous_0)",
        "decl": {
          "start": {
            "line": 18,
            "column": 17
          },
          "end": {
            "line": 18,
            "column": 18
          }
        },
        "loc": {
          "start": {
            "line": 18,
            "column": 23
          },
          "end": {
            "line": 72,
            "column": 1
          }
        },
        "line": 18
      },
      "1": {
        "name": "(anonymous_1)",
        "decl": {
          "start": {
            "line": 20,
            "column": 4
          },
          "end": {
            "line": 20,
            "column": 5
          }
        },
        "loc": {
          "start": {
            "line": 20,
            "column": 45
          },
          "end": {
            "line": 20,
            "column": 59
          }
        },
        "line": 20
      },
      "2": {
        "name": "(anonymous_2)",
        "decl": {
          "start": {
            "line": 25,
            "column": 4
          },
          "end": {
            "line": 25,
            "column": 5
          }
        },
        "loc": {
          "start": {
            "line": 25,
            "column": 43
          },
          "end": {
            "line": 25,
            "column": 57
          }
        },
        "line": 25
      },
      "3": {
        "name": "openModal",
        "decl": {
          "start": {
            "line": 29,
            "column": 11
          },
          "end": {
            "line": 29,
            "column": 20
          }
        },
        "loc": {
          "start": {
            "line": 29,
            "column": 23
          },
          "end": {
            "line": 31,
            "column": 3
          }
        },
        "line": 29
      },
      "4": {
        "name": "closeModal",
        "decl": {
          "start": {
            "line": 33,
            "column": 11
          },
          "end": {
            "line": 33,
            "column": 21
          }
        },
        "loc": {
          "start": {
            "line": 33,
            "column": 24
          },
          "end": {
            "line": 35,
            "column": 3
          }
        },
        "line": 33
      },
      "5": {
        "name": "(anonymous_5)",
        "decl": {
          "start": {
            "line": 41,
            "column": 20
          },
          "end": {
            "line": 41,
            "column": 21
          }
        },
        "loc": {
          "start": {
            "line": 42,
            "column": 8
          },
          "end": {
            "line": 53,
            "column": 14
          }
        },
        "line": 42
      },
      "6": {
        "name": "(anonymous_6)",
        "decl": {
          "start": {
            "line": 51,
            "column": 21
          },
          "end": {
            "line": 51,
            "column": 22
          }
        },
        "loc": {
          "start": {
            "line": 51,
            "column": 27
          },
          "end": {
            "line": 51,
            "column": 62
          }
        },
        "line": 51
      },
      "7": {
        "name": "(anonymous_7)",
        "decl": {
          "start": {
            "line": 66,
            "column": 17
          },
          "end": {
            "line": 66,
            "column": 18
          }
        },
        "loc": {
          "start": {
            "line": 66,
            "column": 23
          },
          "end": {
            "line": 66,
            "column": 34
          }
        },
        "line": 66
      }
    },
    "branchMap": {},
    "s": {
      "0": 11,
      "1": 11,
      "2": 11,
      "3": 10,
      "4": 13,
      "5": 8,
      "6": 8,
      "7": 8,
      "8": 13,
      "9": 8,
      "10": 2,
      "11": 2,
      "12": 8,
      "13": 40,
      "14": 1,
      "15": 2
    },
    "f": {
      "0": 10,
      "1": 13,
      "2": 13,
      "3": 2,
      "4": 2,
      "5": 40,
      "6": 1,
      "7": 2
    },
    "b": {},
    "_coverageSchema": "1a1c01bbd47fc00a2c39e90264f33305004495a9",
    "hash": "70e506616323e955c2572acad28d815733e7b53a"
  },
  "C:\\Users\\OSF\\Desktop\\login - Copia\\src\\routes\\PrivateRouter.tsx": {
    "path": "C:\\Users\\OSF\\Desktop\\login - Copia\\src\\routes\\PrivateRouter.tsx",
    "statementMap": {
      "0": {
        "start": {
          "line": 6,
          "column": 22
        },
        "end": {
          "line": 16,
          "column": 1
        }
      },
      "1": {
        "start": {
          "line": 7,
          "column": 19
        },
        "end": {
          "line": 9,
          "column": 3
        }
      },
      "2": {
        "start": {
          "line": 8,
          "column": 43
        },
        "end": {
          "line": 8,
          "column": 57
        }
      },
      "3": {
        "start": {
          "line": 11,
          "column": 2
        },
        "end": {
          "line": 15,
          "column": 3
        }
      },
      "4": {
        "start": {
          "line": 12,
          "column": 4
        },
        "end": {
          "line": 12,
          "column": 20
        }
      },
      "5": {
        "start": {
          "line": 14,
          "column": 4
        },
        "end": {
          "line": 14,
          "column": 33
        }
      }
    },
    "fnMap": {
      "0": {
        "name": "(anonymous_0)",
        "decl": {
          "start": {
            "line": 6,
            "column": 22
          },
          "end": {
            "line": 6,
            "column": 23
          }
        },
        "loc": {
          "start": {
            "line": 6,
            "column": 67
          },
          "end": {
            "line": 16,
            "column": 1
          }
        },
        "line": 6
      },
      "1": {
        "name": "(anonymous_1)",
        "decl": {
          "start": {
            "line": 8,
            "column": 4
          },
          "end": {
            "line": 8,
            "column": 5
          }
        },
        "loc": {
          "start": {
            "line": 8,
            "column": 43
          },
          "end": {
            "line": 8,
            "column": 57
          }
        },
        "line": 8
      }
    },
    "branchMap": {
      "0": {
        "loc": {
          "start": {
            "line": 11,
            "column": 2
          },
          "end": {
            "line": 15,
            "column": 3
          }
        },
        "type": "if",
        "locations": [
          {
            "start": {
              "line": 11,
              "column": 2
            },
            "end": {
              "line": 15,
              "column": 3
            }
          },
          {
            "start": {
              "line": 11,
              "column": 2
            },
            "end": {
              "line": 15,
              "column": 3
            }
          }
        ],
        "line": 11
      }
    },
    "s": {
      "0": 11,
      "1": 14,
      "2": 38,
      "3": 14,
      "4": 13,
      "5": 1
    },
    "f": {
      "0": 14,
      "1": 38
    },
    "b": {
      "0": [
        13,
        1
      ]
    },
    "_coverageSchema": "1a1c01bbd47fc00a2c39e90264f33305004495a9",
    "hash": "c693c955f974842a241ea82d2a34fcac791780bb"
  },
  "C:\\Users\\OSF\\Desktop\\login - Copia\\src\\routes\\Router.tsx": {
    "path": "C:\\Users\\OSF\\Desktop\\login - Copia\\src\\routes\\Router.tsx",
    "statementMap": {
      "0": {
        "start": {
          "line": 67,
          "column": 2
        },
        "end": {
          "line": 118,
          "column": 4
        }
      }
    },
    "fnMap": {
      "0": {
        "name": "AppRoutes",
        "decl": {
          "start": {
            "line": 66,
            "column": 24
          },
          "end": {
            "line": 66,
            "column": 33
          }
        },
        "loc": {
          "start": {
            "line": 66,
            "column": 36
          },
          "end": {
            "line": 119,
            "column": 1
          }
        },
        "line": 66
      }
    },
    "branchMap": {},
    "s": {
      "0": 15
    },
    "f": {
      "0": 15
    },
    "b": {},
    "_coverageSchema": "1a1c01bbd47fc00a2c39e90264f33305004495a9",
    "hash": "8bf580be5d6dcc1ee311db9bcec93b3b2a1ca78c"
  },
  "C:\\Users\\OSF\\Desktop\\login - Copia\\src\\index.tsx": {
    "path": "C:\\Users\\OSF\\Desktop\\login - Copia\\src\\index.tsx",
    "statementMap": {
      "0": {
        "start": {
          "line": 11,
          "column": 13
        },
        "end": {
          "line": 13,
          "column": 1
        }
      },
      "1": {
        "start": {
          "line": 14,
          "column": 0
        },
        "end": {
          "line": 20,
          "column": 2
        }
      }
    },
    "fnMap": {},
    "branchMap": {},
    "s": {
      "0": 11,
      "1": 11
    },
    "f": {},
    "b": {},
    "_coverageSchema": "1a1c01bbd47fc00a2c39e90264f33305004495a9",
    "hash": "454c7819fad49631dd7357635bd2a49a1c2680bf"
  }
}